[19-May-2015 07:44:39 UTC] PHP Warning:  require(/home/ubuntu/workspace/open-hrm/../bootstrap/autoload.php): failed to open stream: No such file or directory in /home/ubuntu/workspace/open-hrm/index.php on line 21
[19-May-2015 07:44:39 UTC] PHP Stack trace:
[19-May-2015 07:44:39 UTC] PHP   1. {main}() /home/ubuntu/workspace/open-hrm/index.php:0
[19-May-2015 07:44:39 UTC] PHP Fatal error:  require(): Failed opening required '/home/ubuntu/workspace/open-hrm/../bootstrap/autoload.php' (include_path='.:/usr/share/php:/usr/share/pear') in /home/ubuntu/workspace/open-hrm/index.php on line 21
[19-May-2015 07:44:39 UTC] PHP Stack trace:
[19-May-2015 07:44:39 UTC] PHP   1. {main}() /home/ubuntu/workspace/open-hrm/index.php:0
[19-May-2015 07:52:03 UTC] PHP Warning:  require(/home/ubuntu/workspace/open-hrm/../bootstrap/autoload.php): failed to open stream: No such file or directory in /home/ubuntu/workspace/open-hrm/index.php on line 21
[19-May-2015 07:52:03 UTC] PHP Stack trace:
[19-May-2015 07:52:03 UTC] PHP   1. {main}() /home/ubuntu/workspace/open-hrm/index.php:0
[19-May-2015 07:52:03 UTC] PHP Fatal error:  require(): Failed opening required '/home/ubuntu/workspace/open-hrm/../bootstrap/autoload.php' (include_path='.:/usr/share/php:/usr/share/pear') in /home/ubuntu/workspace/open-hrm/index.php on line 21
[19-May-2015 07:52:03 UTC] PHP Stack trace:
[19-May-2015 07:52:03 UTC] PHP   1. {main}() /home/ubuntu/workspace/open-hrm/index.php:0
[19-May-2015 11:54:21 UTC] PHP Fatal error:  Class 'Zizaco\Entrust\EntrustServiceProvider' not found in /home/ubuntu/workspace/open-hrm/vendor/compiled.php on line 6466
[19-May-2015 11:54:21 UTC] PHP Stack trace:
[19-May-2015 11:54:21 UTC] PHP   1. {main}() /home/ubuntu/workspace/open-hrm/index.php:0
[19-May-2015 11:54:21 UTC] PHP   2. Illuminate\Foundation\Http\Kernel->handle() /home/ubuntu/workspace/open-hrm/index.php:53
[19-May-2015 11:54:21 UTC] PHP   3. Illuminate\Foundation\Http\Kernel->sendRequestThroughRouter() /home/ubuntu/workspace/open-hrm/vendor/compiled.php:1880
[19-May-2015 11:54:21 UTC] PHP   4. Illuminate\Foundation\Http\Kernel->bootstrap() /home/ubuntu/workspace/open-hrm/vendor/compiled.php:1890
[19-May-2015 11:54:21 UTC] PHP   5. Illuminate\Foundation\Application->bootstrapWith() /home/ubuntu/workspace/open-hrm/vendor/compiled.php:1928
[19-May-2015 11:54:21 UTC] PHP   6. Illuminate\Foundation\Bootstrap\RegisterProviders->bootstrap() /home/ubuntu/workspace/open-hrm/vendor/compiled.php:1311
[19-May-2015 11:54:21 UTC] PHP   7. Illuminate\Foundation\Application->registerConfiguredProviders() /home/ubuntu/workspace/open-hrm/vendor/compiled.php:1775
[19-May-2015 11:54:21 UTC] PHP   8. Illuminate\Foundation\ProviderRepository->load() /home/ubuntu/workspace/open-hrm/vendor/compiled.php:1421
[19-May-2015 11:54:21 UTC] PHP   9. Illuminate\Foundation\ProviderRepository->compileManifest() /home/ubuntu/workspace/open-hrm/vendor/compiled.php:6428
[19-May-2015 11:54:21 UTC] PHP  10. Illuminate\Foundation\ProviderRepository->createProvider() /home/ubuntu/workspace/open-hrm/vendor/compiled.php:6452
[19-May-2015 11:54:53 UTC] PHP Fatal error:  Class 'Zizaco\Entrust\EntrustServiceProvider' not found in /home/ubuntu/workspace/open-hrm/vendor/compiled.php on line 6466
[19-May-2015 11:54:53 UTC] PHP Stack trace:
[19-May-2015 11:54:53 UTC] PHP   1. {main}() /home/ubuntu/workspace/open-hrm/index.php:0
[19-May-2015 11:54:53 UTC] PHP   2. Illuminate\Foundation\Http\Kernel->handle() /home/ubuntu/workspace/open-hrm/index.php:53
[19-May-2015 11:54:53 UTC] PHP   3. Illuminate\Foundation\Http\Kernel->sendRequestThroughRouter() /home/ubuntu/workspace/open-hrm/vendor/compiled.php:1880
[19-May-2015 11:54:53 UTC] PHP   4. Illuminate\Foundation\Http\Kernel->bootstrap() /home/ubuntu/workspace/open-hrm/vendor/compiled.php:1890
[19-May-2015 11:54:53 UTC] PHP   5. Illuminate\Foundation\Application->bootstrapWith() /home/ubuntu/workspace/open-hrm/vendor/compiled.php:1928
[19-May-2015 11:54:53 UTC] PHP   6. Illuminate\Foundation\Bootstrap\RegisterProviders->bootstrap() /home/ubuntu/workspace/open-hrm/vendor/compiled.php:1311
[19-May-2015 11:54:53 UTC] PHP   7. Illuminate\Foundation\Application->registerConfiguredProviders() /home/ubuntu/workspace/open-hrm/vendor/compiled.php:1775
[19-May-2015 11:54:53 UTC] PHP   8. Illuminate\Foundation\ProviderRepository->load() /home/ubuntu/workspace/open-hrm/vendor/compiled.php:1421
[19-May-2015 11:54:53 UTC] PHP   9. Illuminate\Foundation\ProviderRepository->compileManifest() /home/ubuntu/workspace/open-hrm/vendor/compiled.php:6428
[19-May-2015 11:54:53 UTC] PHP  10. Illuminate\Foundation\ProviderRepository->createProvider() /home/ubuntu/workspace/open-hrm/vendor/compiled.php:6452
[19-May-2015 11:55:16 UTC] PHP Fatal error:  Class 'Zizaco\Entrust\EntrustServiceProvider' not found in /home/ubuntu/workspace/open-hrm/vendor/compiled.php on line 6466
[19-May-2015 11:55:16 UTC] PHP Stack trace:
[19-May-2015 11:55:16 UTC] PHP   1. {main}() /home/ubuntu/workspace/open-hrm/index.php:0
[19-May-2015 11:55:16 UTC] PHP   2. Illuminate\Foundation\Http\Kernel->handle() /home/ubuntu/workspace/open-hrm/index.php:53
[19-May-2015 11:55:16 UTC] PHP   3. Illuminate\Foundation\Http\Kernel->sendRequestThroughRouter() /home/ubuntu/workspace/open-hrm/vendor/compiled.php:1880
[19-May-2015 11:55:16 UTC] PHP   4. Illuminate\Foundation\Http\Kernel->bootstrap() /home/ubuntu/workspace/open-hrm/vendor/compiled.php:1890
[19-May-2015 11:55:16 UTC] PHP   5. Illuminate\Foundation\Application->bootstrapWith() /home/ubuntu/workspace/open-hrm/vendor/compiled.php:1928
[19-May-2015 11:55:16 UTC] PHP   6. Illuminate\Foundation\Bootstrap\RegisterProviders->bootstrap() /home/ubuntu/workspace/open-hrm/vendor/compiled.php:1311
[19-May-2015 11:55:16 UTC] PHP   7. Illuminate\Foundation\Application->registerConfiguredProviders() /home/ubuntu/workspace/open-hrm/vendor/compiled.php:1775
[19-May-2015 11:55:16 UTC] PHP   8. Illuminate\Foundation\ProviderRepository->load() /home/ubuntu/workspace/open-hrm/vendor/compiled.php:1421
[19-May-2015 11:55:16 UTC] PHP   9. Illuminate\Foundation\ProviderRepository->compileManifest() /home/ubuntu/workspace/open-hrm/vendor/compiled.php:6428
[19-May-2015 11:55:16 UTC] PHP  10. Illuminate\Foundation\ProviderRepository->createProvider() /home/ubuntu/workspace/open-hrm/vendor/compiled.php:6452
[19-May-2015 11:57:39 UTC] PHP Fatal error:  Call to undefined method Illuminate\Foundation\Application::getCachedCompilePath() in /home/ubuntu/workspace/open-hrm/vendor/laravel/framework/src/Illuminate/Foundation/Console/ClearCompiledCommand.php on line 28
[19-May-2015 11:57:39 UTC] PHP Stack trace:
[19-May-2015 11:57:39 UTC] PHP   1. {main}() /home/ubuntu/workspace/open-hrm/artisan:0
[19-May-2015 11:57:39 UTC] PHP   2. Illuminate\Foundation\Console\Kernel->handle() /home/ubuntu/workspace/open-hrm/artisan:36
[19-May-2015 11:57:39 UTC] PHP   3. Symfony\Component\Console\Application->run() /home/ubuntu/workspace/open-hrm/vendor/laravel/framework/src/Illuminate/Foundation/Console/Kernel.php:94
[19-May-2015 11:57:39 UTC] PHP   4. Symfony\Component\Console\Application->doRun() /home/ubuntu/workspace/open-hrm/vendor/symfony/console/Symfony/Component/Console/Application.php:126
[19-May-2015 11:57:39 UTC] PHP   5. Symfony\Component\Console\Application->doRunCommand() /home/ubuntu/workspace/open-hrm/vendor/symfony/console/Symfony/Component/Console/Application.php:195
[19-May-2015 11:57:39 UTC] PHP   6. Illuminate\Console\Command->run() /home/ubuntu/workspace/open-hrm/vendor/symfony/console/Symfony/Component/Console/Application.php:874
[19-May-2015 11:57:39 UTC] PHP   7. Symfony\Component\Console\Command\Command->run() /home/ubuntu/workspace/open-hrm/vendor/laravel/framework/src/Illuminate/Console/Command.php:101
[19-May-2015 11:57:39 UTC] PHP   8. Illuminate\Console\Command->execute() /home/ubuntu/workspace/open-hrm/vendor/symfony/console/Symfony/Component/Console/Command/Command.php:257
[19-May-2015 11:57:39 UTC] PHP   9. Illuminate\Container\Container->call() /home/ubuntu/workspace/open-hrm/vendor/laravel/framework/src/Illuminate/Console/Command.php:115
[19-May-2015 11:57:39 UTC] PHP  10. call_user_func_array:{/home/ubuntu/workspace/open-hrm/vendor/compiled.php:925}() /home/ubuntu/workspace/open-hrm/vendor/compiled.php:925
[19-May-2015 11:57:39 UTC] PHP  11. Illuminate\Foundation\Console\ClearCompiledCommand->fire() /home/ubuntu/workspace/open-hrm/vendor/compiled.php:925
[21-May-2015 06:05:05 UTC] PHP Fatal error:  Class 'App\Http\Controllers\Role' not found in /home/ubuntu/workspace/open-hrm/app/Http/Controllers/TestController.php on line 23
[21-May-2015 06:05:05 UTC] PHP Stack trace:
[21-May-2015 06:05:05 UTC] PHP   1. {main}() /home/ubuntu/workspace/open-hrm/index.php:0
[21-May-2015 06:05:05 UTC] PHP   2. Illuminate\Foundation\Http\Kernel->handle() /home/ubuntu/workspace/open-hrm/index.php:53
[21-May-2015 06:05:05 UTC] PHP   3. Illuminate\Foundation\Http\Kernel->sendRequestThroughRouter() /home/ubuntu/workspace/open-hrm/vendor/compiled.php:1880
[21-May-2015 06:05:05 UTC] PHP   4. Illuminate\Pipeline\Pipeline->then() /home/ubuntu/workspace/open-hrm/vendor/compiled.php:1891
[21-May-2015 06:05:05 UTC] PHP   5. call_user_func:{/home/ubuntu/workspace/open-hrm/vendor/compiled.php:8935}() /home/ubuntu/workspace/open-hrm/vendor/compiled.php:8935
[21-May-2015 06:05:05 UTC] PHP   6. Illuminate\Pipeline\Pipeline->Illuminate\Pipeline\{closure}() /home/ubuntu/workspace/open-hrm/vendor/compiled.php:8935
[21-May-2015 06:05:05 UTC] PHP   7. Illuminate\Foundation\Http\Middleware\CheckForMaintenanceMode->handle() /home/ubuntu/workspace/open-hrm/vendor/compiled.php:8944
[21-May-2015 06:05:05 UTC] PHP   8. Illuminate\Pipeline\Pipeline->Illuminate\Pipeline\{closure}() /home/ubuntu/workspace/open-hrm/vendor/compiled.php:2478
[21-May-2015 06:05:05 UTC] PHP   9. Illuminate\Cookie\Middleware\EncryptCookies->handle() /home/ubuntu/workspace/open-hrm/vendor/compiled.php:8944
[21-May-2015 06:05:05 UTC] PHP  10. Illuminate\Pipeline\Pipeline->Illuminate\Pipeline\{closure}() /home/ubuntu/workspace/open-hrm/vendor/compiled.php:11738
[21-May-2015 06:05:05 UTC] PHP  11. Illuminate\Cookie\Middleware\AddQueuedCookiesToResponse->handle() /home/ubuntu/workspace/open-hrm/vendor/compiled.php:8944
[21-May-2015 06:05:05 UTC] PHP  12. Illuminate\Pipeline\Pipeline->Illuminate\Pipeline\{closure}() /home/ubuntu/workspace/open-hrm/vendor/compiled.php:11789
[21-May-2015 06:05:05 UTC] PHP  13. Illuminate\Session\Middleware\StartSession->handle() /home/ubuntu/workspace/open-hrm/vendor/compiled.php:8944
[21-May-2015 06:05:05 UTC] PHP  14. Illuminate\Pipeline\Pipeline->Illuminate\Pipeline\{closure}() /home/ubuntu/workspace/open-hrm/vendor/compiled.php:10785
[21-May-2015 06:05:05 UTC] PHP  15. Illuminate\View\Middleware\ShareErrorsFromSession->handle() /home/ubuntu/workspace/open-hrm/vendor/compiled.php:8944
[21-May-2015 06:05:05 UTC] PHP  16. Illuminate\Pipeline\Pipeline->Illuminate\Pipeline\{closure}() /home/ubuntu/workspace/open-hrm/vendor/compiled.php:12083
[21-May-2015 06:05:05 UTC] PHP  17. App\Http\Middleware\VerifyCsrfToken->handle() /home/ubuntu/workspace/open-hrm/vendor/compiled.php:8944
[21-May-2015 06:05:05 UTC] PHP  18. Illuminate\Foundation\Http\Middleware\VerifyCsrfToken->handle() /home/ubuntu/workspace/open-hrm/app/Http/Middleware/VerifyCsrfToken.php:17
[21-May-2015 06:05:05 UTC] PHP  19. Illuminate\Pipeline\Pipeline->Illuminate\Pipeline\{closure}() /home/ubuntu/workspace/open-hrm/vendor/compiled.php:2438
[21-May-2015 06:05:05 UTC] PHP  20. call_user_func:{/home/ubuntu/workspace/open-hrm/vendor/compiled.php:8952}() /home/ubuntu/workspace/open-hrm/vendor/compiled.php:8952
[21-May-2015 06:05:05 UTC] PHP  21. Illuminate\Foundation\Http\Kernel->Illuminate\Foundation\Http\{closure}() /home/ubuntu/workspace/open-hrm/vendor/compiled.php:8952
[21-May-2015 06:05:05 UTC] PHP  22. Illuminate\Routing\Router->dispatch() /home/ubuntu/workspace/open-hrm/vendor/compiled.php:1935
[21-May-2015 06:05:05 UTC] PHP  23. Illuminate\Routing\Router->dispatchToRoute() /home/ubuntu/workspace/open-hrm/vendor/compiled.php:6929
[21-May-2015 06:05:05 UTC] PHP  24. Illuminate\Routing\Router->runRouteWithinStack() /home/ubuntu/workspace/open-hrm/vendor/compiled.php:6944
[21-May-2015 06:05:05 UTC] PHP  25. Illuminate\Pipeline\Pipeline->then() /home/ubuntu/workspace/open-hrm/vendor/compiled.php:6955
[21-May-2015 06:05:05 UTC] PHP  26. call_user_func:{/home/ubuntu/workspace/open-hrm/vendor/compiled.php:8935}() /home/ubuntu/workspace/open-hrm/vendor/compiled.php:8935
[21-May-2015 06:05:05 UTC] PHP  27. Illuminate\Pipeline\Pipeline->Illuminate\Pipeline\{closure}() /home/ubuntu/workspace/open-hrm/vendor/compiled.php:8935
[21-May-2015 06:05:05 UTC] PHP  28. call_user_func:{/home/ubuntu/workspace/open-hrm/vendor/compiled.php:8952}() /home/ubuntu/workspace/open-hrm/vendor/compiled.php:8952
[21-May-2015 06:05:05 UTC] PHP  29. Illuminate\Routing\Router->Illuminate\Routing\{closure}() /home/ubuntu/workspace/open-hrm/vendor/compiled.php:8952
[21-May-2015 06:05:05 UTC] PHP  30. Illuminate\Routing\Route->run() /home/ubuntu/workspace/open-hrm/vendor/compiled.php:6954
[21-May-2015 06:05:05 UTC] PHP  31. Illuminate\Routing\Route->runWithCustomDispatcher() /home/ubuntu/workspace/open-hrm/vendor/compiled.php:7288
[21-May-2015 06:05:05 UTC] PHP  32. Illuminate\Routing\ControllerDispatcher->dispatch() /home/ubuntu/workspace/open-hrm/vendor/compiled.php:7317
[21-May-2015 06:05:05 UTC] PHP  33. Illuminate\Routing\ControllerDispatcher->callWithinStack() /home/ubuntu/workspace/open-hrm/vendor/compiled.php:8320
[21-May-2015 06:05:05 UTC] PHP  34. Illuminate\Pipeline\Pipeline->then() /home/ubuntu/workspace/open-hrm/vendor/compiled.php:8334
[21-May-2015 06:05:05 UTC] PHP  35. call_user_func:{/home/ubuntu/workspace/open-hrm/vendor/compiled.php:8935}() /home/ubuntu/workspace/open-hrm/vendor/compiled.php:8935
[21-May-2015 06:05:05 UTC] PHP  36. Illuminate\Pipeline\Pipeline->Illuminate\Pipeline\{closure}() /home/ubuntu/workspace/open-hrm/vendor/compiled.php:8935
[21-May-2015 06:05:05 UTC] PHP  37. App\Http\Middleware\RedirectIfAuthenticated->handle() /home/ubuntu/workspace/open-hrm/vendor/compiled.php:8944
[21-May-2015 06:05:05 UTC] PHP  38. Illuminate\Pipeline\Pipeline->Illuminate\Pipeline\{closure}() /home/ubuntu/workspace/open-hrm/app/Http/Middleware/RedirectIfAuthenticated.php:41
[21-May-2015 06:05:05 UTC] PHP  39. call_user_func:{/home/ubuntu/workspace/open-hrm/vendor/compiled.php:8952}() /home/ubuntu/workspace/open-hrm/vendor/compiled.php:8952
[21-May-2015 06:05:05 UTC] PHP  40. Illuminate\Routing\ControllerDispatcher->Illuminate\Routing\{closure}() /home/ubuntu/workspace/open-hrm/vendor/compiled.php:8952
[21-May-2015 06:05:05 UTC] PHP  41. Illuminate\Routing\ControllerDispatcher->call() /home/ubuntu/workspace/open-hrm/vendor/compiled.php:8333
[21-May-2015 06:05:05 UTC] PHP  42. Illuminate\Routing\Controller->callAction() /home/ubuntu/workspace/open-hrm/vendor/compiled.php:8354
[21-May-2015 06:05:05 UTC] PHP  43. call_user_func_array:{/home/ubuntu/workspace/open-hrm/vendor/compiled.php:8287}() /home/ubuntu/workspace/open-hrm/vendor/compiled.php:8287
[21-May-2015 06:05:05 UTC] PHP  44. App\Http\Controllers\TestController->index() /home/ubuntu/workspace/open-hrm/vendor/compiled.php:8287
[21-May-2015 06:05:47 UTC] PHP Fatal error:  Class 'Zizaco\Entrust\Role' not found in /home/ubuntu/workspace/open-hrm/app/Http/Controllers/TestController.php on line 23
[21-May-2015 06:05:47 UTC] PHP Stack trace:
[21-May-2015 06:05:47 UTC] PHP   1. {main}() /home/ubuntu/workspace/open-hrm/index.php:0
[21-May-2015 06:05:47 UTC] PHP   2. Illuminate\Foundation\Http\Kernel->handle() /home/ubuntu/workspace/open-hrm/index.php:53
[21-May-2015 06:05:47 UTC] PHP   3. Illuminate\Foundation\Http\Kernel->sendRequestThroughRouter() /home/ubuntu/workspace/open-hrm/vendor/compiled.php:1880
[21-May-2015 06:05:47 UTC] PHP   4. Illuminate\Pipeline\Pipeline->then() /home/ubuntu/workspace/open-hrm/vendor/compiled.php:1891
[21-May-2015 06:05:47 UTC] PHP   5. call_user_func:{/home/ubuntu/workspace/open-hrm/vendor/compiled.php:8935}() /home/ubuntu/workspace/open-hrm/vendor/compiled.php:8935
[21-May-2015 06:05:47 UTC] PHP   6. Illuminate\Pipeline\Pipeline->Illuminate\Pipeline\{closure}() /home/ubuntu/workspace/open-hrm/vendor/compiled.php:8935
[21-May-2015 06:05:47 UTC] PHP   7. Illuminate\Foundation\Http\Middleware\CheckForMaintenanceMode->handle() /home/ubuntu/workspace/open-hrm/vendor/compiled.php:8944
[21-May-2015 06:05:47 UTC] PHP   8. Illuminate\Pipeline\Pipeline->Illuminate\Pipeline\{closure}() /home/ubuntu/workspace/open-hrm/vendor/compiled.php:2478
[21-May-2015 06:05:47 UTC] PHP   9. Illuminate\Cookie\Middleware\EncryptCookies->handle() /home/ubuntu/workspace/open-hrm/vendor/compiled.php:8944
[21-May-2015 06:05:47 UTC] PHP  10. Illuminate\Pipeline\Pipeline->Illuminate\Pipeline\{closure}() /home/ubuntu/workspace/open-hrm/vendor/compiled.php:11738
[21-May-2015 06:05:47 UTC] PHP  11. Illuminate\Cookie\Middleware\AddQueuedCookiesToResponse->handle() /home/ubuntu/workspace/open-hrm/vendor/compiled.php:8944
[21-May-2015 06:05:47 UTC] PHP  12. Illuminate\Pipeline\Pipeline->Illuminate\Pipeline\{closure}() /home/ubuntu/workspace/open-hrm/vendor/compiled.php:11789
[21-May-2015 06:05:47 UTC] PHP  13. Illuminate\Session\Middleware\StartSession->handle() /home/ubuntu/workspace/open-hrm/vendor/compiled.php:8944
[21-May-2015 06:05:47 UTC] PHP  14. Illuminate\Pipeline\Pipeline->Illuminate\Pipeline\{closure}() /home/ubuntu/workspace/open-hrm/vendor/compiled.php:10785
[21-May-2015 06:05:47 UTC] PHP  15. Illuminate\View\Middleware\ShareErrorsFromSession->handle() /home/ubuntu/workspace/open-hrm/vendor/compiled.php:8944
[21-May-2015 06:05:47 UTC] PHP  16. Illuminate\Pipeline\Pipeline->Illuminate\Pipeline\{closure}() /home/ubuntu/workspace/open-hrm/vendor/compiled.php:12083
[21-May-2015 06:05:47 UTC] PHP  17. App\Http\Middleware\VerifyCsrfToken->handle() /home/ubuntu/workspace/open-hrm/vendor/compiled.php:8944
[21-May-2015 06:05:47 UTC] PHP  18. Illuminate\Foundation\Http\Middleware\VerifyCsrfToken->handle() /home/ubuntu/workspace/open-hrm/app/Http/Middleware/VerifyCsrfToken.php:17
[21-May-2015 06:05:47 UTC] PHP  19. Illuminate\Pipeline\Pipeline->Illuminate\Pipeline\{closure}() /home/ubuntu/workspace/open-hrm/vendor/compiled.php:2438
[21-May-2015 06:05:47 UTC] PHP  20. call_user_func:{/home/ubuntu/workspace/open-hrm/vendor/compiled.php:8952}() /home/ubuntu/workspace/open-hrm/vendor/compiled.php:8952
[21-May-2015 06:05:47 UTC] PHP  21. Illuminate\Foundation\Http\Kernel->Illuminate\Foundation\Http\{closure}() /home/ubuntu/workspace/open-hrm/vendor/compiled.php:8952
[21-May-2015 06:05:47 UTC] PHP  22. Illuminate\Routing\Router->dispatch() /home/ubuntu/workspace/open-hrm/vendor/compiled.php:1935
[21-May-2015 06:05:47 UTC] PHP  23. Illuminate\Routing\Router->dispatchToRoute() /home/ubuntu/workspace/open-hrm/vendor/compiled.php:6929
[21-May-2015 06:05:47 UTC] PHP  24. Illuminate\Routing\Router->runRouteWithinStack() /home/ubuntu/workspace/open-hrm/vendor/compiled.php:6944
[21-May-2015 06:05:47 UTC] PHP  25. Illuminate\Pipeline\Pipeline->then() /home/ubuntu/workspace/open-hrm/vendor/compiled.php:6955
[21-May-2015 06:05:47 UTC] PHP  26. call_user_func:{/home/ubuntu/workspace/open-hrm/vendor/compiled.php:8935}() /home/ubuntu/workspace/open-hrm/vendor/compiled.php:8935
[21-May-2015 06:05:47 UTC] PHP  27. Illuminate\Pipeline\Pipeline->Illuminate\Pipeline\{closure}() /home/ubuntu/workspace/open-hrm/vendor/compiled.php:8935
[21-May-2015 06:05:47 UTC] PHP  28. call_user_func:{/home/ubuntu/workspace/open-hrm/vendor/compiled.php:8952}() /home/ubuntu/workspace/open-hrm/vendor/compiled.php:8952
[21-May-2015 06:05:47 UTC] PHP  29. Illuminate\Routing\Router->Illuminate\Routing\{closure}() /home/ubuntu/workspace/open-hrm/vendor/compiled.php:8952
[21-May-2015 06:05:47 UTC] PHP  30. Illuminate\Routing\Route->run() /home/ubuntu/workspace/open-hrm/vendor/compiled.php:6954
[21-May-2015 06:05:47 UTC] PHP  31. Illuminate\Routing\Route->runWithCustomDispatcher() /home/ubuntu/workspace/open-hrm/vendor/compiled.php:7288
[21-May-2015 06:05:47 UTC] PHP  32. Illuminate\Routing\ControllerDispatcher->dispatch() /home/ubuntu/workspace/open-hrm/vendor/compiled.php:7317
[21-May-2015 06:05:47 UTC] PHP  33. Illuminate\Routing\ControllerDispatcher->callWithinStack() /home/ubuntu/workspace/open-hrm/vendor/compiled.php:8320
[21-May-2015 06:05:47 UTC] PHP  34. Illuminate\Pipeline\Pipeline->then() /home/ubuntu/workspace/open-hrm/vendor/compiled.php:8334
[21-May-2015 06:05:47 UTC] PHP  35. call_user_func:{/home/ubuntu/workspace/open-hrm/vendor/compiled.php:8935}() /home/ubuntu/workspace/open-hrm/vendor/compiled.php:8935
[21-May-2015 06:05:47 UTC] PHP  36. Illuminate\Pipeline\Pipeline->Illuminate\Pipeline\{closure}() /home/ubuntu/workspace/open-hrm/vendor/compiled.php:8935
[21-May-2015 06:05:47 UTC] PHP  37. App\Http\Middleware\RedirectIfAuthenticated->handle() /home/ubuntu/workspace/open-hrm/vendor/compiled.php:8944
[21-May-2015 06:05:47 UTC] PHP  38. Illuminate\Pipeline\Pipeline->Illuminate\Pipeline\{closure}() /home/ubuntu/workspace/open-hrm/app/Http/Middleware/RedirectIfAuthenticated.php:41
[21-May-2015 06:05:47 UTC] PHP  39. call_user_func:{/home/ubuntu/workspace/open-hrm/vendor/compiled.php:8952}() /home/ubuntu/workspace/open-hrm/vendor/compiled.php:8952
[21-May-2015 06:05:47 UTC] PHP  40. Illuminate\Routing\ControllerDispatcher->Illuminate\Routing\{closure}() /home/ubuntu/workspace/open-hrm/vendor/compiled.php:8952
[21-May-2015 06:05:47 UTC] PHP  41. Illuminate\Routing\ControllerDispatcher->call() /home/ubuntu/workspace/open-hrm/vendor/compiled.php:8333
[21-May-2015 06:05:47 UTC] PHP  42. Illuminate\Routing\Controller->callAction() /home/ubuntu/workspace/open-hrm/vendor/compiled.php:8354
[21-May-2015 06:05:47 UTC] PHP  43. call_user_func_array:{/home/ubuntu/workspace/open-hrm/vendor/compiled.php:8287}() /home/ubuntu/workspace/open-hrm/vendor/compiled.php:8287
[21-May-2015 06:05:47 UTC] PHP  44. App\Http\Controllers\TestController->index() /home/ubuntu/workspace/open-hrm/vendor/compiled.php:8287
[21-May-2015 06:43:08 UTC] PHP Parse error:  syntax error, unexpected ''public/bower_components/angul' (T_CONSTANT_ENCAPSED_STRING) in /home/ubuntu/workspace/open-hrm/storage/framework/views/0e5b3401c541e70f2363a8d215ef6739 on line 76
[21-May-2015 06:43:08 UTC] PHP Stack trace:
[21-May-2015 06:43:08 UTC] PHP   1. {main}() /home/ubuntu/workspace/open-hrm/index.php:0
[21-May-2015 06:43:08 UTC] PHP   2. Illuminate\Foundation\Http\Kernel->handle() /home/ubuntu/workspace/open-hrm/index.php:53
[21-May-2015 06:43:08 UTC] PHP   3. Illuminate\Foundation\Http\Kernel->sendRequestThroughRouter() /home/ubuntu/workspace/open-hrm/vendor/compiled.php:1880
[21-May-2015 06:43:08 UTC] PHP   4. Illuminate\Pipeline\Pipeline->then() /home/ubuntu/workspace/open-hrm/vendor/compiled.php:1891
[21-May-2015 06:43:08 UTC] PHP   5. call_user_func:{/home/ubuntu/workspace/open-hrm/vendor/compiled.php:8935}() /home/ubuntu/workspace/open-hrm/vendor/compiled.php:8935
[21-May-2015 06:43:08 UTC] PHP   6. Illuminate\Pipeline\Pipeline->Illuminate\Pipeline\{closure}() /home/ubuntu/workspace/open-hrm/vendor/compiled.php:8935
[21-May-2015 06:43:08 UTC] PHP   7. Illuminate\Foundation\Http\Middleware\CheckForMaintenanceMode->handle() /home/ubuntu/workspace/open-hrm/vendor/compiled.php:8944
[21-May-2015 06:43:08 UTC] PHP   8. Illuminate\Pipeline\Pipeline->Illuminate\Pipeline\{closure}() /home/ubuntu/workspace/open-hrm/vendor/compiled.php:2478
[21-May-2015 06:43:08 UTC] PHP   9. Illuminate\Cookie\Middleware\EncryptCookies->handle() /home/ubuntu/workspace/open-hrm/vendor/compiled.php:8944
[21-May-2015 06:43:08 UTC] PHP  10. Illuminate\Pipeline\Pipeline->Illuminate\Pipeline\{closure}() /home/ubuntu/workspace/open-hrm/vendor/compiled.php:11738
[21-May-2015 06:43:08 UTC] PHP  11. Illuminate\Cookie\Middleware\AddQueuedCookiesToResponse->handle() /home/ubuntu/workspace/open-hrm/vendor/compiled.php:8944
[21-May-2015 06:43:08 UTC] PHP  12. Illuminate\Pipeline\Pipeline->Illuminate\Pipeline\{closure}() /home/ubuntu/workspace/open-hrm/vendor/compiled.php:11789
[21-May-2015 06:43:08 UTC] PHP  13. Illuminate\Session\Middleware\StartSession->handle() /home/ubuntu/workspace/open-hrm/vendor/compiled.php:8944
[21-May-2015 06:43:08 UTC] PHP  14. Illuminate\Pipeline\Pipeline->Illuminate\Pipeline\{closure}() /home/ubuntu/workspace/open-hrm/vendor/compiled.php:10785
[21-May-2015 06:43:08 UTC] PHP  15. Illuminate\View\Middleware\ShareErrorsFromSession->handle() /home/ubuntu/workspace/open-hrm/vendor/compiled.php:8944
[21-May-2015 06:43:08 UTC] PHP  16. Illuminate\Pipeline\Pipeline->Illuminate\Pipeline\{closure}() /home/ubuntu/workspace/open-hrm/vendor/compiled.php:12083
[21-May-2015 06:43:08 UTC] PHP  17. App\Http\Middleware\VerifyCsrfToken->handle() /home/ubuntu/workspace/open-hrm/vendor/compiled.php:8944
[21-May-2015 06:43:08 UTC] PHP  18. Illuminate\Foundation\Http\Middleware\VerifyCsrfToken->handle() /home/ubuntu/workspace/open-hrm/app/Http/Middleware/VerifyCsrfToken.php:17
[21-May-2015 06:43:08 UTC] PHP  19. Illuminate\Pipeline\Pipeline->Illuminate\Pipeline\{closure}() /home/ubuntu/workspace/open-hrm/vendor/compiled.php:2438
[21-May-2015 06:43:08 UTC] PHP  20. call_user_func:{/home/ubuntu/workspace/open-hrm/vendor/compiled.php:8952}() /home/ubuntu/workspace/open-hrm/vendor/compiled.php:8952
[21-May-2015 06:43:08 UTC] PHP  21. Illuminate\Foundation\Http\Kernel->Illuminate\Foundation\Http\{closure}() /home/ubuntu/workspace/open-hrm/vendor/compiled.php:8952
[21-May-2015 06:43:08 UTC] PHP  22. Illuminate\Routing\Router->dispatch() /home/ubuntu/workspace/open-hrm/vendor/compiled.php:1935
[21-May-2015 06:43:08 UTC] PHP  23. Illuminate\Routing\Router->dispatchToRoute() /home/ubuntu/workspace/open-hrm/vendor/compiled.php:6929
[21-May-2015 06:43:08 UTC] PHP  24. Illuminate\Routing\Router->runRouteWithinStack() /home/ubuntu/workspace/open-hrm/vendor/compiled.php:6944
[21-May-2015 06:43:08 UTC] PHP  25. Illuminate\Pipeline\Pipeline->then() /home/ubuntu/workspace/open-hrm/vendor/compiled.php:6955
[21-May-2015 06:43:08 UTC] PHP  26. call_user_func:{/home/ubuntu/workspace/open-hrm/vendor/compiled.php:8935}() /home/ubuntu/workspace/open-hrm/vendor/compiled.php:8935
[21-May-2015 06:43:08 UTC] PHP  27. Illuminate\Pipeline\Pipeline->Illuminate\Pipeline\{closure}() /home/ubuntu/workspace/open-hrm/vendor/compiled.php:8935
[21-May-2015 06:43:08 UTC] PHP  28. call_user_func:{/home/ubuntu/workspace/open-hrm/vendor/compiled.php:8952}() /home/ubuntu/workspace/open-hrm/vendor/compiled.php:8952
[21-May-2015 06:43:08 UTC] PHP  29. Illuminate\Routing\Router->Illuminate\Routing\{closure}() /home/ubuntu/workspace/open-hrm/vendor/compiled.php:8952
[21-May-2015 06:43:08 UTC] PHP  30. Illuminate\Routing\Router->prepareResponse() /home/ubuntu/workspace/open-hrm/vendor/compiled.php:6954
[21-May-2015 06:43:08 UTC] PHP  31. Symfony\Component\HttpFoundation\Response->__construct() /home/ubuntu/workspace/open-hrm/vendor/compiled.php:7154
[21-May-2015 06:43:08 UTC] PHP  32. Illuminate\Http\Response->setContent() /home/ubuntu/workspace/open-hrm/vendor/compiled.php:14126
[21-May-2015 06:43:08 UTC] PHP  33. Illuminate\View\View->render() /home/ubuntu/workspace/open-hrm/vendor/compiled.php:14597
[21-May-2015 06:43:08 UTC] PHP  34. Illuminate\View\View->renderContents() /home/ubuntu/workspace/open-hrm/vendor/compiled.php:13501
[21-May-2015 06:43:08 UTC] PHP  35. Illuminate\View\View->getContents() /home/ubuntu/workspace/open-hrm/vendor/compiled.php:13510
[21-May-2015 06:43:08 UTC] PHP  36. Illuminate\View\Engines\CompilerEngine->get() /home/ubuntu/workspace/open-hrm/vendor/compiled.php:13523
[21-May-2015 06:43:08 UTC] PHP  37. Illuminate\View\Engines\PhpEngine->evaluatePath() /home/ubuntu/workspace/open-hrm/vendor/compiled.php:13683
[21-May-2015 06:43:08 UTC] PHP  38. include() /home/ubuntu/workspace/open-hrm/vendor/compiled.php:13650
[21-May-2015 06:43:08 UTC] PHP  39. Illuminate\View\View->render() /home/ubuntu/workspace/open-hrm/storage/framework/views/5c5fcec2ff180092c98daa0146f08d19:19
[21-May-2015 06:43:08 UTC] PHP  40. Illuminate\View\View->renderContents() /home/ubuntu/workspace/open-hrm/vendor/compiled.php:13501
[21-May-2015 06:43:08 UTC] PHP  41. Illuminate\View\View->getContents() /home/ubuntu/workspace/open-hrm/vendor/compiled.php:13510
[21-May-2015 06:43:08 UTC] PHP  42. Illuminate\View\Engines\CompilerEngine->get() /home/ubuntu/workspace/open-hrm/vendor/compiled.php:13523
[21-May-2015 06:43:08 UTC] PHP  43. Illuminate\View\Engines\PhpEngine->evaluatePath() /home/ubuntu/workspace/open-hrm/vendor/compiled.php:13683
[21-May-2015 06:43:08 UTC] PHP Parse error:  syntax error, unexpected ''public/bower_components/angul' (T_CONSTANT_ENCAPSED_STRING) in /home/ubuntu/workspace/open-hrm/storage/framework/views/0e5b3401c541e70f2363a8d215ef6739 on line 76
[21-May-2015 06:43:08 UTC] PHP Stack trace:
[21-May-2015 06:43:08 UTC] PHP   1. {main}() /home/ubuntu/workspace/open-hrm/index.php:0
[21-May-2015 06:43:08 UTC] PHP   2. Illuminate\Foundation\Http\Kernel->handle() /home/ubuntu/workspace/open-hrm/index.php:53
[21-May-2015 06:43:08 UTC] PHP   3. Illuminate\Foundation\Http\Kernel->sendRequestThroughRouter() /home/ubuntu/workspace/open-hrm/vendor/compiled.php:1880
[21-May-2015 06:43:08 UTC] PHP   4. Illuminate\Pipeline\Pipeline->then() /home/ubuntu/workspace/open-hrm/vendor/compiled.php:1891
[21-May-2015 06:43:08 UTC] PHP   5. call_user_func:{/home/ubuntu/workspace/open-hrm/vendor/compiled.php:8935}() /home/ubuntu/workspace/open-hrm/vendor/compiled.php:8935
[21-May-2015 06:43:08 UTC] PHP   6. Illuminate\Pipeline\Pipeline->Illuminate\Pipeline\{closure}() /home/ubuntu/workspace/open-hrm/vendor/compiled.php:8935
[21-May-2015 06:43:08 UTC] PHP   7. Illuminate\Foundation\Http\Middleware\CheckForMaintenanceMode->handle() /home/ubuntu/workspace/open-hrm/vendor/compiled.php:8944
[21-May-2015 06:43:08 UTC] PHP   8. Illuminate\Pipeline\Pipeline->Illuminate\Pipeline\{closure}() /home/ubuntu/workspace/open-hrm/vendor/compiled.php:2478
[21-May-2015 06:43:08 UTC] PHP   9. Illuminate\Cookie\Middleware\EncryptCookies->handle() /home/ubuntu/workspace/open-hrm/vendor/compiled.php:8944
[21-May-2015 06:43:08 UTC] PHP  10. Illuminate\Pipeline\Pipeline->Illuminate\Pipeline\{closure}() /home/ubuntu/workspace/open-hrm/vendor/compiled.php:11738
[21-May-2015 06:43:08 UTC] PHP  11. Illuminate\Cookie\Middleware\AddQueuedCookiesToResponse->handle() /home/ubuntu/workspace/open-hrm/vendor/compiled.php:8944
[21-May-2015 06:43:08 UTC] PHP  12. Illuminate\Pipeline\Pipeline->Illuminate\Pipeline\{closure}() /home/ubuntu/workspace/open-hrm/vendor/compiled.php:11789
[21-May-2015 06:43:08 UTC] PHP  13. Illuminate\Session\Middleware\StartSession->handle() /home/ubuntu/workspace/open-hrm/vendor/compiled.php:8944
[21-May-2015 06:43:08 UTC] PHP  14. Illuminate\Pipeline\Pipeline->Illuminate\Pipeline\{closure}() /home/ubuntu/workspace/open-hrm/vendor/compiled.php:10785
[21-May-2015 06:43:08 UTC] PHP  15. Illuminate\View\Middleware\ShareErrorsFromSession->handle() /home/ubuntu/workspace/open-hrm/vendor/compiled.php:8944
[21-May-2015 06:43:08 UTC] PHP  16. Illuminate\Pipeline\Pipeline->Illuminate\Pipeline\{closure}() /home/ubuntu/workspace/open-hrm/vendor/compiled.php:12083
[21-May-2015 06:43:08 UTC] PHP  17. App\Http\Middleware\VerifyCsrfToken->handle() /home/ubuntu/workspace/open-hrm/vendor/compiled.php:8944
[21-May-2015 06:43:08 UTC] PHP  18. Illuminate\Foundation\Http\Middleware\VerifyCsrfToken->handle() /home/ubuntu/workspace/open-hrm/app/Http/Middleware/VerifyCsrfToken.php:17
[21-May-2015 06:43:08 UTC] PHP  19. Illuminate\Pipeline\Pipeline->Illuminate\Pipeline\{closure}() /home/ubuntu/workspace/open-hrm/vendor/compiled.php:2438
[21-May-2015 06:43:08 UTC] PHP  20. call_user_func:{/home/ubuntu/workspace/open-hrm/vendor/compiled.php:8952}() /home/ubuntu/workspace/open-hrm/vendor/compiled.php:8952
[21-May-2015 06:43:08 UTC] PHP  21. Illuminate\Foundation\Http\Kernel->Illuminate\Foundation\Http\{closure}() /home/ubuntu/workspace/open-hrm/vendor/compiled.php:8952
[21-May-2015 06:43:08 UTC] PHP  22. Illuminate\Routing\Router->dispatch() /home/ubuntu/workspace/open-hrm/vendor/compiled.php:1935
[21-May-2015 06:43:08 UTC] PHP  23. Illuminate\Routing\Router->dispatchToRoute() /home/ubuntu/workspace/open-hrm/vendor/compiled.php:6929
[21-May-2015 06:43:08 UTC] PHP  24. Illuminate\Routing\Router->runRouteWithinStack() /home/ubuntu/workspace/open-hrm/vendor/compiled.php:6944
[21-May-2015 06:43:08 UTC] PHP  25. Illuminate\Pipeline\Pipeline->then() /home/ubuntu/workspace/open-hrm/vendor/compiled.php:6955
[21-May-2015 06:43:08 UTC] PHP  26. call_user_func:{/home/ubuntu/workspace/open-hrm/vendor/compiled.php:8935}() /home/ubuntu/workspace/open-hrm/vendor/compiled.php:8935
[21-May-2015 06:43:08 UTC] PHP  27. Illuminate\Pipeline\Pipeline->Illuminate\Pipeline\{closure}() /home/ubuntu/workspace/open-hrm/vendor/compiled.php:8935
[21-May-2015 06:43:08 UTC] PHP  28. call_user_func:{/home/ubuntu/workspace/open-hrm/vendor/compiled.php:8952}() /home/ubuntu/workspace/open-hrm/vendor/compiled.php:8952
[21-May-2015 06:43:08 UTC] PHP  29. Illuminate\Routing\Router->Illuminate\Routing\{closure}() /home/ubuntu/workspace/open-hrm/vendor/compiled.php:8952
[21-May-2015 06:43:08 UTC] PHP  30. Illuminate\Routing\Router->prepareResponse() /home/ubuntu/workspace/open-hrm/vendor/compiled.php:6954
[21-May-2015 06:43:08 UTC] PHP  31. Symfony\Component\HttpFoundation\Response->__construct() /home/ubuntu/workspace/open-hrm/vendor/compiled.php:7154
[21-May-2015 06:43:08 UTC] PHP  32. Illuminate\Http\Response->setContent() /home/ubuntu/workspace/open-hrm/vendor/compiled.php:14126
[21-May-2015 06:43:08 UTC] PHP  33. Illuminate\View\View->render() /home/ubuntu/workspace/open-hrm/vendor/compiled.php:14597
[21-May-2015 06:43:08 UTC] PHP  34. Illuminate\View\View->renderContents() /home/ubuntu/workspace/open-hrm/vendor/compiled.php:13501
[21-May-2015 06:43:08 UTC] PHP  35. Illuminate\View\View->getContents() /home/ubuntu/workspace/open-hrm/vendor/compiled.php:13510
[21-May-2015 06:43:08 UTC] PHP  36. Illuminate\View\Engines\CompilerEngine->get() /home/ubuntu/workspace/open-hrm/vendor/compiled.php:13523
[21-May-2015 06:43:08 UTC] PHP  37. Illuminate\View\Engines\PhpEngine->evaluatePath() /home/ubuntu/workspace/open-hrm/vendor/compiled.php:13683
[21-May-2015 06:43:08 UTC] PHP  38. include() /home/ubuntu/workspace/open-hrm/vendor/compiled.php:13650
[21-May-2015 06:43:08 UTC] PHP  39. Illuminate\View\View->render() /home/ubuntu/workspace/open-hrm/storage/framework/views/5c5fcec2ff180092c98daa0146f08d19:19
[21-May-2015 06:43:08 UTC] PHP  40. Illuminate\View\View->renderContents() /home/ubuntu/workspace/open-hrm/vendor/compiled.php:13501
[21-May-2015 06:43:08 UTC] PHP  41. Illuminate\View\View->getContents() /home/ubuntu/workspace/open-hrm/vendor/compiled.php:13510
[21-May-2015 06:43:08 UTC] PHP  42. Illuminate\View\Engines\CompilerEngine->get() /home/ubuntu/workspace/open-hrm/vendor/compiled.php:13523
[21-May-2015 06:43:08 UTC] PHP  43. Illuminate\View\Engines\PhpEngine->evaluatePath() /home/ubuntu/workspace/open-hrm/vendor/compiled.php:13683
[21-May-2015 06:44:24 UTC] PHP Parse error:  syntax error, unexpected ''public/bower_components/angul' (T_CONSTANT_ENCAPSED_STRING) in /home/ubuntu/workspace/open-hrm/storage/framework/views/0e5b3401c541e70f2363a8d215ef6739 on line 76
[21-May-2015 06:44:24 UTC] PHP Stack trace:
[21-May-2015 06:44:24 UTC] PHP   1. {main}() /home/ubuntu/workspace/open-hrm/index.php:0
[21-May-2015 06:44:24 UTC] PHP   2. Illuminate\Foundation\Http\Kernel->handle() /home/ubuntu/workspace/open-hrm/index.php:53
[21-May-2015 06:44:24 UTC] PHP   3. Illuminate\Foundation\Http\Kernel->sendRequestThroughRouter() /home/ubuntu/workspace/open-hrm/vendor/compiled.php:1880
[21-May-2015 06:44:24 UTC] PHP   4. Illuminate\Pipeline\Pipeline->then() /home/ubuntu/workspace/open-hrm/vendor/compiled.php:1891
[21-May-2015 06:44:24 UTC] PHP   5. call_user_func:{/home/ubuntu/workspace/open-hrm/vendor/compiled.php:8935}() /home/ubuntu/workspace/open-hrm/vendor/compiled.php:8935
[21-May-2015 06:44:24 UTC] PHP   6. Illuminate\Pipeline\Pipeline->Illuminate\Pipeline\{closure}() /home/ubuntu/workspace/open-hrm/vendor/compiled.php:8935
[21-May-2015 06:44:24 UTC] PHP   7. Illuminate\Foundation\Http\Middleware\CheckForMaintenanceMode->handle() /home/ubuntu/workspace/open-hrm/vendor/compiled.php:8944
[21-May-2015 06:44:24 UTC] PHP   8. Illuminate\Pipeline\Pipeline->Illuminate\Pipeline\{closure}() /home/ubuntu/workspace/open-hrm/vendor/compiled.php:2478
[21-May-2015 06:44:24 UTC] PHP   9. Illuminate\Cookie\Middleware\EncryptCookies->handle() /home/ubuntu/workspace/open-hrm/vendor/compiled.php:8944
[21-May-2015 06:44:24 UTC] PHP  10. Illuminate\Pipeline\Pipeline->Illuminate\Pipeline\{closure}() /home/ubuntu/workspace/open-hrm/vendor/compiled.php:11738
[21-May-2015 06:44:24 UTC] PHP  11. Illuminate\Cookie\Middleware\AddQueuedCookiesToResponse->handle() /home/ubuntu/workspace/open-hrm/vendor/compiled.php:8944
[21-May-2015 06:44:24 UTC] PHP  12. Illuminate\Pipeline\Pipeline->Illuminate\Pipeline\{closure}() /home/ubuntu/workspace/open-hrm/vendor/compiled.php:11789
[21-May-2015 06:44:24 UTC] PHP  13. Illuminate\Session\Middleware\StartSession->handle() /home/ubuntu/workspace/open-hrm/vendor/compiled.php:8944
[21-May-2015 06:44:24 UTC] PHP  14. Illuminate\Pipeline\Pipeline->Illuminate\Pipeline\{closure}() /home/ubuntu/workspace/open-hrm/vendor/compiled.php:10785
[21-May-2015 06:44:24 UTC] PHP  15. Illuminate\View\Middleware\ShareErrorsFromSession->handle() /home/ubuntu/workspace/open-hrm/vendor/compiled.php:8944
[21-May-2015 06:44:24 UTC] PHP  16. Illuminate\Pipeline\Pipeline->Illuminate\Pipeline\{closure}() /home/ubuntu/workspace/open-hrm/vendor/compiled.php:12083
[21-May-2015 06:44:24 UTC] PHP  17. App\Http\Middleware\VerifyCsrfToken->handle() /home/ubuntu/workspace/open-hrm/vendor/compiled.php:8944
[21-May-2015 06:44:24 UTC] PHP  18. Illuminate\Foundation\Http\Middleware\VerifyCsrfToken->handle() /home/ubuntu/workspace/open-hrm/app/Http/Middleware/VerifyCsrfToken.php:17
[21-May-2015 06:44:24 UTC] PHP  19. Illuminate\Pipeline\Pipeline->Illuminate\Pipeline\{closure}() /home/ubuntu/workspace/open-hrm/vendor/compiled.php:2438
[21-May-2015 06:44:24 UTC] PHP  20. call_user_func:{/home/ubuntu/workspace/open-hrm/vendor/compiled.php:8952}() /home/ubuntu/workspace/open-hrm/vendor/compiled.php:8952
[21-May-2015 06:44:24 UTC] PHP  21. Illuminate\Foundation\Http\Kernel->Illuminate\Foundation\Http\{closure}() /home/ubuntu/workspace/open-hrm/vendor/compiled.php:8952
[21-May-2015 06:44:24 UTC] PHP  22. Illuminate\Routing\Router->dispatch() /home/ubuntu/workspace/open-hrm/vendor/compiled.php:1935
[21-May-2015 06:44:24 UTC] PHP  23. Illuminate\Routing\Router->dispatchToRoute() /home/ubuntu/workspace/open-hrm/vendor/compiled.php:6929
[21-May-2015 06:44:24 UTC] PHP  24. Illuminate\Routing\Router->runRouteWithinStack() /home/ubuntu/workspace/open-hrm/vendor/compiled.php:6944
[21-May-2015 06:44:24 UTC] PHP  25. Illuminate\Pipeline\Pipeline->then() /home/ubuntu/workspace/open-hrm/vendor/compiled.php:6955
[21-May-2015 06:44:24 UTC] PHP  26. call_user_func:{/home/ubuntu/workspace/open-hrm/vendor/compiled.php:8935}() /home/ubuntu/workspace/open-hrm/vendor/compiled.php:8935
[21-May-2015 06:44:24 UTC] PHP  27. Illuminate\Pipeline\Pipeline->Illuminate\Pipeline\{closure}() /home/ubuntu/workspace/open-hrm/vendor/compiled.php:8935
[21-May-2015 06:44:24 UTC] PHP  28. call_user_func:{/home/ubuntu/workspace/open-hrm/vendor/compiled.php:8952}() /home/ubuntu/workspace/open-hrm/vendor/compiled.php:8952
[21-May-2015 06:44:24 UTC] PHP  29. Illuminate\Routing\Router->Illuminate\Routing\{closure}() /home/ubuntu/workspace/open-hrm/vendor/compiled.php:8952
[21-May-2015 06:44:24 UTC] PHP  30. Illuminate\Routing\Router->prepareResponse() /home/ubuntu/workspace/open-hrm/vendor/compiled.php:6954
[21-May-2015 06:44:24 UTC] PHP  31. Symfony\Component\HttpFoundation\Response->__construct() /home/ubuntu/workspace/open-hrm/vendor/compiled.php:7154
[21-May-2015 06:44:24 UTC] PHP  32. Illuminate\Http\Response->setContent() /home/ubuntu/workspace/open-hrm/vendor/compiled.php:14126
[21-May-2015 06:44:24 UTC] PHP  33. Illuminate\View\View->render() /home/ubuntu/workspace/open-hrm/vendor/compiled.php:14597
[21-May-2015 06:44:24 UTC] PHP  34. Illuminate\View\View->renderContents() /home/ubuntu/workspace/open-hrm/vendor/compiled.php:13501
[21-May-2015 06:44:24 UTC] PHP  35. Illuminate\View\View->getContents() /home/ubuntu/workspace/open-hrm/vendor/compiled.php:13510
[21-May-2015 06:44:24 UTC] PHP  36. Illuminate\View\Engines\CompilerEngine->get() /home/ubuntu/workspace/open-hrm/vendor/compiled.php:13523
[21-May-2015 06:44:24 UTC] PHP  37. Illuminate\View\Engines\PhpEngine->evaluatePath() /home/ubuntu/workspace/open-hrm/vendor/compiled.php:13683
[21-May-2015 06:44:24 UTC] PHP  38. include() /home/ubuntu/workspace/open-hrm/vendor/compiled.php:13650
[21-May-2015 06:44:24 UTC] PHP  39. Illuminate\View\View->render() /home/ubuntu/workspace/open-hrm/storage/framework/views/5c5fcec2ff180092c98daa0146f08d19:19
[21-May-2015 06:44:24 UTC] PHP  40. Illuminate\View\View->renderContents() /home/ubuntu/workspace/open-hrm/vendor/compiled.php:13501
[21-May-2015 06:44:24 UTC] PHP  41. Illuminate\View\View->getContents() /home/ubuntu/workspace/open-hrm/vendor/compiled.php:13510
[21-May-2015 06:44:24 UTC] PHP  42. Illuminate\View\Engines\CompilerEngine->get() /home/ubuntu/workspace/open-hrm/vendor/compiled.php:13523
[21-May-2015 06:44:24 UTC] PHP  43. Illuminate\View\Engines\PhpEngine->evaluatePath() /home/ubuntu/workspace/open-hrm/vendor/compiled.php:13683
[21-May-2015 06:57:54 UTC] PHP Fatal error:  Class 'App\Http\Controllers\Theme' not found in /home/ubuntu/workspace/open-hrm/app/Http/Controllers/RoleController.php on line 19
[21-May-2015 06:57:54 UTC] PHP Stack trace:
[21-May-2015 06:57:54 UTC] PHP   1. {main}() /home/ubuntu/workspace/open-hrm/index.php:0
[21-May-2015 06:57:54 UTC] PHP   2. Illuminate\Foundation\Http\Kernel->handle() /home/ubuntu/workspace/open-hrm/index.php:53
[21-May-2015 06:57:54 UTC] PHP   3. Illuminate\Foundation\Http\Kernel->sendRequestThroughRouter() /home/ubuntu/workspace/open-hrm/vendor/compiled.php:1880
[21-May-2015 06:57:54 UTC] PHP   4. Illuminate\Pipeline\Pipeline->then() /home/ubuntu/workspace/open-hrm/vendor/compiled.php:1891
[21-May-2015 06:57:54 UTC] PHP   5. call_user_func:{/home/ubuntu/workspace/open-hrm/vendor/compiled.php:8935}() /home/ubuntu/workspace/open-hrm/vendor/compiled.php:8935
[21-May-2015 06:57:54 UTC] PHP   6. Illuminate\Pipeline\Pipeline->Illuminate\Pipeline\{closure}() /home/ubuntu/workspace/open-hrm/vendor/compiled.php:8935
[21-May-2015 06:57:54 UTC] PHP   7. Illuminate\Foundation\Http\Middleware\CheckForMaintenanceMode->handle() /home/ubuntu/workspace/open-hrm/vendor/compiled.php:8944
[21-May-2015 06:57:54 UTC] PHP   8. Illuminate\Pipeline\Pipeline->Illuminate\Pipeline\{closure}() /home/ubuntu/workspace/open-hrm/vendor/compiled.php:2478
[21-May-2015 06:57:54 UTC] PHP   9. Illuminate\Cookie\Middleware\EncryptCookies->handle() /home/ubuntu/workspace/open-hrm/vendor/compiled.php:8944
[21-May-2015 06:57:54 UTC] PHP  10. Illuminate\Pipeline\Pipeline->Illuminate\Pipeline\{closure}() /home/ubuntu/workspace/open-hrm/vendor/compiled.php:11738
[21-May-2015 06:57:54 UTC] PHP  11. Illuminate\Cookie\Middleware\AddQueuedCookiesToResponse->handle() /home/ubuntu/workspace/open-hrm/vendor/compiled.php:8944
[21-May-2015 06:57:54 UTC] PHP  12. Illuminate\Pipeline\Pipeline->Illuminate\Pipeline\{closure}() /home/ubuntu/workspace/open-hrm/vendor/compiled.php:11789
[21-May-2015 06:57:54 UTC] PHP  13. Illuminate\Session\Middleware\StartSession->handle() /home/ubuntu/workspace/open-hrm/vendor/compiled.php:8944
[21-May-2015 06:57:54 UTC] PHP  14. Illuminate\Pipeline\Pipeline->Illuminate\Pipeline\{closure}() /home/ubuntu/workspace/open-hrm/vendor/compiled.php:10785
[21-May-2015 06:57:54 UTC] PHP  15. Illuminate\View\Middleware\ShareErrorsFromSession->handle() /home/ubuntu/workspace/open-hrm/vendor/compiled.php:8944
[21-May-2015 06:57:54 UTC] PHP  16. Illuminate\Pipeline\Pipeline->Illuminate\Pipeline\{closure}() /home/ubuntu/workspace/open-hrm/vendor/compiled.php:12083
[21-May-2015 06:57:54 UTC] PHP  17. App\Http\Middleware\VerifyCsrfToken->handle() /home/ubuntu/workspace/open-hrm/vendor/compiled.php:8944
[21-May-2015 06:57:54 UTC] PHP  18. Illuminate\Foundation\Http\Middleware\VerifyCsrfToken->handle() /home/ubuntu/workspace/open-hrm/app/Http/Middleware/VerifyCsrfToken.php:17
[21-May-2015 06:57:54 UTC] PHP  19. Illuminate\Pipeline\Pipeline->Illuminate\Pipeline\{closure}() /home/ubuntu/workspace/open-hrm/vendor/compiled.php:2438
[21-May-2015 06:57:54 UTC] PHP  20. call_user_func:{/home/ubuntu/workspace/open-hrm/vendor/compiled.php:8952}() /home/ubuntu/workspace/open-hrm/vendor/compiled.php:8952
[21-May-2015 06:57:54 UTC] PHP  21. Illuminate\Foundation\Http\Kernel->Illuminate\Foundation\Http\{closure}() /home/ubuntu/workspace/open-hrm/vendor/compiled.php:8952
[21-May-2015 06:57:54 UTC] PHP  22. Illuminate\Routing\Router->dispatch() /home/ubuntu/workspace/open-hrm/vendor/compiled.php:1935
[21-May-2015 06:57:54 UTC] PHP  23. Illuminate\Routing\Router->dispatchToRoute() /home/ubuntu/workspace/open-hrm/vendor/compiled.php:6929
[21-May-2015 06:57:54 UTC] PHP  24. Illuminate\Routing\Router->runRouteWithinStack() /home/ubuntu/workspace/open-hrm/vendor/compiled.php:6944
[21-May-2015 06:57:54 UTC] PHP  25. Illuminate\Pipeline\Pipeline->then() /home/ubuntu/workspace/open-hrm/vendor/compiled.php:6955
[21-May-2015 06:57:54 UTC] PHP  26. call_user_func:{/home/ubuntu/workspace/open-hrm/vendor/compiled.php:8935}() /home/ubuntu/workspace/open-hrm/vendor/compiled.php:8935
[21-May-2015 06:57:54 UTC] PHP  27. Illuminate\Pipeline\Pipeline->Illuminate\Pipeline\{closure}() /home/ubuntu/workspace/open-hrm/vendor/compiled.php:8935
[21-May-2015 06:57:54 UTC] PHP  28. call_user_func:{/home/ubuntu/workspace/open-hrm/vendor/compiled.php:8952}() /home/ubuntu/workspace/open-hrm/vendor/compiled.php:8952
[21-May-2015 06:57:54 UTC] PHP  29. Illuminate\Routing\Router->Illuminate\Routing\{closure}() /home/ubuntu/workspace/open-hrm/vendor/compiled.php:8952
[21-May-2015 06:57:54 UTC] PHP  30. Illuminate\Routing\Route->run() /home/ubuntu/workspace/open-hrm/vendor/compiled.php:6954
[21-May-2015 06:57:54 UTC] PHP  31. Illuminate\Routing\Route->runWithCustomDispatcher() /home/ubuntu/workspace/open-hrm/vendor/compiled.php:7288
[21-May-2015 06:57:54 UTC] PHP  32. Illuminate\Routing\ControllerDispatcher->dispatch() /home/ubuntu/workspace/open-hrm/vendor/compiled.php:7317
[21-May-2015 06:57:54 UTC] PHP  33. Illuminate\Routing\ControllerDispatcher->callWithinStack() /home/ubuntu/workspace/open-hrm/vendor/compiled.php:8320
[21-May-2015 06:57:54 UTC] PHP  34. Illuminate\Pipeline\Pipeline->then() /home/ubuntu/workspace/open-hrm/vendor/compiled.php:8334
[21-May-2015 06:57:54 UTC] PHP  35. call_user_func:{/home/ubuntu/workspace/open-hrm/vendor/compiled.php:8935}() /home/ubuntu/workspace/open-hrm/vendor/compiled.php:8935
[21-May-2015 06:57:54 UTC] PHP  36. Illuminate\Pipeline\Pipeline->Illuminate\Pipeline\{closure}() /home/ubuntu/workspace/open-hrm/vendor/compiled.php:8935
[21-May-2015 06:57:54 UTC] PHP  37. call_user_func:{/home/ubuntu/workspace/open-hrm/vendor/compiled.php:8952}() /home/ubuntu/workspace/open-hrm/vendor/compiled.php:8952
[21-May-2015 06:57:54 UTC] PHP  38. Illuminate\Routing\ControllerDispatcher->Illuminate\Routing\{closure}() /home/ubuntu/workspace/open-hrm/vendor/compiled.php:8952
[21-May-2015 06:57:54 UTC] PHP  39. Illuminate\Routing\ControllerDispatcher->call() /home/ubuntu/workspace/open-hrm/vendor/compiled.php:8333
[21-May-2015 06:57:54 UTC] PHP  40. Illuminate\Routing\Controller->callAction() /home/ubuntu/workspace/open-hrm/vendor/compiled.php:8354
[21-May-2015 06:57:54 UTC] PHP  41. call_user_func_array:{/home/ubuntu/workspace/open-hrm/vendor/compiled.php:8287}() /home/ubuntu/workspace/open-hrm/vendor/compiled.php:8287
[21-May-2015 06:57:54 UTC] PHP  42. App\Http\Controllers\RoleController->index() /home/ubuntu/workspace/open-hrm/vendor/compiled.php:8287
[21-May-2015 06:58:08 UTC] PHP Fatal error:  Class 'App\Helpers\Theme' not found in /home/ubuntu/workspace/open-hrm/app/Http/Controllers/RoleController.php on line 19
[21-May-2015 06:58:08 UTC] PHP Stack trace:
[21-May-2015 06:58:08 UTC] PHP   1. {main}() /home/ubuntu/workspace/open-hrm/index.php:0
[21-May-2015 06:58:08 UTC] PHP   2. Illuminate\Foundation\Http\Kernel->handle() /home/ubuntu/workspace/open-hrm/index.php:53
[21-May-2015 06:58:08 UTC] PHP   3. Illuminate\Foundation\Http\Kernel->sendRequestThroughRouter() /home/ubuntu/workspace/open-hrm/vendor/compiled.php:1880
[21-May-2015 06:58:08 UTC] PHP   4. Illuminate\Pipeline\Pipeline->then() /home/ubuntu/workspace/open-hrm/vendor/compiled.php:1891
[21-May-2015 06:58:08 UTC] PHP   5. call_user_func:{/home/ubuntu/workspace/open-hrm/vendor/compiled.php:8935}() /home/ubuntu/workspace/open-hrm/vendor/compiled.php:8935
[21-May-2015 06:58:08 UTC] PHP   6. Illuminate\Pipeline\Pipeline->Illuminate\Pipeline\{closure}() /home/ubuntu/workspace/open-hrm/vendor/compiled.php:8935
[21-May-2015 06:58:08 UTC] PHP   7. Illuminate\Foundation\Http\Middleware\CheckForMaintenanceMode->handle() /home/ubuntu/workspace/open-hrm/vendor/compiled.php:8944
[21-May-2015 06:58:08 UTC] PHP   8. Illuminate\Pipeline\Pipeline->Illuminate\Pipeline\{closure}() /home/ubuntu/workspace/open-hrm/vendor/compiled.php:2478
[21-May-2015 06:58:08 UTC] PHP   9. Illuminate\Cookie\Middleware\EncryptCookies->handle() /home/ubuntu/workspace/open-hrm/vendor/compiled.php:8944
[21-May-2015 06:58:08 UTC] PHP  10. Illuminate\Pipeline\Pipeline->Illuminate\Pipeline\{closure}() /home/ubuntu/workspace/open-hrm/vendor/compiled.php:11738
[21-May-2015 06:58:08 UTC] PHP  11. Illuminate\Cookie\Middleware\AddQueuedCookiesToResponse->handle() /home/ubuntu/workspace/open-hrm/vendor/compiled.php:8944
[21-May-2015 06:58:08 UTC] PHP  12. Illuminate\Pipeline\Pipeline->Illuminate\Pipeline\{closure}() /home/ubuntu/workspace/open-hrm/vendor/compiled.php:11789
[21-May-2015 06:58:08 UTC] PHP  13. Illuminate\Session\Middleware\StartSession->handle() /home/ubuntu/workspace/open-hrm/vendor/compiled.php:8944
[21-May-2015 06:58:08 UTC] PHP  14. Illuminate\Pipeline\Pipeline->Illuminate\Pipeline\{closure}() /home/ubuntu/workspace/open-hrm/vendor/compiled.php:10785
[21-May-2015 06:58:08 UTC] PHP  15. Illuminate\View\Middleware\ShareErrorsFromSession->handle() /home/ubuntu/workspace/open-hrm/vendor/compiled.php:8944
[21-May-2015 06:58:08 UTC] PHP  16. Illuminate\Pipeline\Pipeline->Illuminate\Pipeline\{closure}() /home/ubuntu/workspace/open-hrm/vendor/compiled.php:12083
[21-May-2015 06:58:08 UTC] PHP  17. App\Http\Middleware\VerifyCsrfToken->handle() /home/ubuntu/workspace/open-hrm/vendor/compiled.php:8944
[21-May-2015 06:58:08 UTC] PHP  18. Illuminate\Foundation\Http\Middleware\VerifyCsrfToken->handle() /home/ubuntu/workspace/open-hrm/app/Http/Middleware/VerifyCsrfToken.php:17
[21-May-2015 06:58:08 UTC] PHP  19. Illuminate\Pipeline\Pipeline->Illuminate\Pipeline\{closure}() /home/ubuntu/workspace/open-hrm/vendor/compiled.php:2438
[21-May-2015 06:58:08 UTC] PHP  20. call_user_func:{/home/ubuntu/workspace/open-hrm/vendor/compiled.php:8952}() /home/ubuntu/workspace/open-hrm/vendor/compiled.php:8952
[21-May-2015 06:58:08 UTC] PHP  21. Illuminate\Foundation\Http\Kernel->Illuminate\Foundation\Http\{closure}() /home/ubuntu/workspace/open-hrm/vendor/compiled.php:8952
[21-May-2015 06:58:08 UTC] PHP  22. Illuminate\Routing\Router->dispatch() /home/ubuntu/workspace/open-hrm/vendor/compiled.php:1935
[21-May-2015 06:58:08 UTC] PHP  23. Illuminate\Routing\Router->dispatchToRoute() /home/ubuntu/workspace/open-hrm/vendor/compiled.php:6929
[21-May-2015 06:58:08 UTC] PHP  24. Illuminate\Routing\Router->runRouteWithinStack() /home/ubuntu/workspace/open-hrm/vendor/compiled.php:6944
[21-May-2015 06:58:08 UTC] PHP  25. Illuminate\Pipeline\Pipeline->then() /home/ubuntu/workspace/open-hrm/vendor/compiled.php:6955
[21-May-2015 06:58:08 UTC] PHP  26. call_user_func:{/home/ubuntu/workspace/open-hrm/vendor/compiled.php:8935}() /home/ubuntu/workspace/open-hrm/vendor/compiled.php:8935
[21-May-2015 06:58:08 UTC] PHP  27. Illuminate\Pipeline\Pipeline->Illuminate\Pipeline\{closure}() /home/ubuntu/workspace/open-hrm/vendor/compiled.php:8935
[21-May-2015 06:58:08 UTC] PHP  28. call_user_func:{/home/ubuntu/workspace/open-hrm/vendor/compiled.php:8952}() /home/ubuntu/workspace/open-hrm/vendor/compiled.php:8952
[21-May-2015 06:58:08 UTC] PHP  29. Illuminate\Routing\Router->Illuminate\Routing\{closure}() /home/ubuntu/workspace/open-hrm/vendor/compiled.php:8952
[21-May-2015 06:58:08 UTC] PHP  30. Illuminate\Routing\Route->run() /home/ubuntu/workspace/open-hrm/vendor/compiled.php:6954
[21-May-2015 06:58:08 UTC] PHP  31. Illuminate\Routing\Route->runWithCustomDispatcher() /home/ubuntu/workspace/open-hrm/vendor/compiled.php:7288
[21-May-2015 06:58:08 UTC] PHP  32. Illuminate\Routing\ControllerDispatcher->dispatch() /home/ubuntu/workspace/open-hrm/vendor/compiled.php:7317
[21-May-2015 06:58:08 UTC] PHP  33. Illuminate\Routing\ControllerDispatcher->callWithinStack() /home/ubuntu/workspace/open-hrm/vendor/compiled.php:8320
[21-May-2015 06:58:08 UTC] PHP  34. Illuminate\Pipeline\Pipeline->then() /home/ubuntu/workspace/open-hrm/vendor/compiled.php:8334
[21-May-2015 06:58:08 UTC] PHP  35. call_user_func:{/home/ubuntu/workspace/open-hrm/vendor/compiled.php:8935}() /home/ubuntu/workspace/open-hrm/vendor/compiled.php:8935
[21-May-2015 06:58:08 UTC] PHP  36. Illuminate\Pipeline\Pipeline->Illuminate\Pipeline\{closure}() /home/ubuntu/workspace/open-hrm/vendor/compiled.php:8935
[21-May-2015 06:58:08 UTC] PHP  37. call_user_func:{/home/ubuntu/workspace/open-hrm/vendor/compiled.php:8952}() /home/ubuntu/workspace/open-hrm/vendor/compiled.php:8952
[21-May-2015 06:58:08 UTC] PHP  38. Illuminate\Routing\ControllerDispatcher->Illuminate\Routing\{closure}() /home/ubuntu/workspace/open-hrm/vendor/compiled.php:8952
[21-May-2015 06:58:08 UTC] PHP  39. Illuminate\Routing\ControllerDispatcher->call() /home/ubuntu/workspace/open-hrm/vendor/compiled.php:8333
[21-May-2015 06:58:08 UTC] PHP  40. Illuminate\Routing\Controller->callAction() /home/ubuntu/workspace/open-hrm/vendor/compiled.php:8354
[21-May-2015 06:58:08 UTC] PHP  41. call_user_func_array:{/home/ubuntu/workspace/open-hrm/vendor/compiled.php:8287}() /home/ubuntu/workspace/open-hrm/vendor/compiled.php:8287
[21-May-2015 06:58:08 UTC] PHP  42. App\Http\Controllers\RoleController->index() /home/ubuntu/workspace/open-hrm/vendor/compiled.php:8287
[21-May-2015 06:58:29 UTC] PHP Parse error:  syntax error, unexpected ':', expecting '(' in /home/ubuntu/workspace/open-hrm/storage/framework/views/0e5b3401c541e70f2363a8d215ef6739 on line 74
[21-May-2015 06:58:29 UTC] PHP Stack trace:
[21-May-2015 06:58:29 UTC] PHP   1. {main}() /home/ubuntu/workspace/open-hrm/index.php:0
[21-May-2015 06:58:29 UTC] PHP   2. Illuminate\Foundation\Http\Kernel->handle() /home/ubuntu/workspace/open-hrm/index.php:53
[21-May-2015 06:58:29 UTC] PHP   3. Illuminate\Foundation\Http\Kernel->sendRequestThroughRouter() /home/ubuntu/workspace/open-hrm/vendor/compiled.php:1880
[21-May-2015 06:58:29 UTC] PHP   4. Illuminate\Pipeline\Pipeline->then() /home/ubuntu/workspace/open-hrm/vendor/compiled.php:1891
[21-May-2015 06:58:29 UTC] PHP   5. call_user_func:{/home/ubuntu/workspace/open-hrm/vendor/compiled.php:8935}() /home/ubuntu/workspace/open-hrm/vendor/compiled.php:8935
[21-May-2015 06:58:29 UTC] PHP   6. Illuminate\Pipeline\Pipeline->Illuminate\Pipeline\{closure}() /home/ubuntu/workspace/open-hrm/vendor/compiled.php:8935
[21-May-2015 06:58:29 UTC] PHP   7. Illuminate\Foundation\Http\Middleware\CheckForMaintenanceMode->handle() /home/ubuntu/workspace/open-hrm/vendor/compiled.php:8944
[21-May-2015 06:58:29 UTC] PHP   8. Illuminate\Pipeline\Pipeline->Illuminate\Pipeline\{closure}() /home/ubuntu/workspace/open-hrm/vendor/compiled.php:2478
[21-May-2015 06:58:29 UTC] PHP   9. Illuminate\Cookie\Middleware\EncryptCookies->handle() /home/ubuntu/workspace/open-hrm/vendor/compiled.php:8944
[21-May-2015 06:58:29 UTC] PHP  10. Illuminate\Pipeline\Pipeline->Illuminate\Pipeline\{closure}() /home/ubuntu/workspace/open-hrm/vendor/compiled.php:11738
[21-May-2015 06:58:29 UTC] PHP  11. Illuminate\Cookie\Middleware\AddQueuedCookiesToResponse->handle() /home/ubuntu/workspace/open-hrm/vendor/compiled.php:8944
[21-May-2015 06:58:29 UTC] PHP  12. Illuminate\Pipeline\Pipeline->Illuminate\Pipeline\{closure}() /home/ubuntu/workspace/open-hrm/vendor/compiled.php:11789
[21-May-2015 06:58:29 UTC] PHP  13. Illuminate\Session\Middleware\StartSession->handle() /home/ubuntu/workspace/open-hrm/vendor/compiled.php:8944
[21-May-2015 06:58:29 UTC] PHP  14. Illuminate\Pipeline\Pipeline->Illuminate\Pipeline\{closure}() /home/ubuntu/workspace/open-hrm/vendor/compiled.php:10785
[21-May-2015 06:58:29 UTC] PHP  15. Illuminate\View\Middleware\ShareErrorsFromSession->handle() /home/ubuntu/workspace/open-hrm/vendor/compiled.php:8944
[21-May-2015 06:58:29 UTC] PHP  16. Illuminate\Pipeline\Pipeline->Illuminate\Pipeline\{closure}() /home/ubuntu/workspace/open-hrm/vendor/compiled.php:12083
[21-May-2015 06:58:29 UTC] PHP  17. App\Http\Middleware\VerifyCsrfToken->handle() /home/ubuntu/workspace/open-hrm/vendor/compiled.php:8944
[21-May-2015 06:58:29 UTC] PHP  18. Illuminate\Foundation\Http\Middleware\VerifyCsrfToken->handle() /home/ubuntu/workspace/open-hrm/app/Http/Middleware/VerifyCsrfToken.php:17
[21-May-2015 06:58:29 UTC] PHP  19. Illuminate\Pipeline\Pipeline->Illuminate\Pipeline\{closure}() /home/ubuntu/workspace/open-hrm/vendor/compiled.php:2438
[21-May-2015 06:58:29 UTC] PHP  20. call_user_func:{/home/ubuntu/workspace/open-hrm/vendor/compiled.php:8952}() /home/ubuntu/workspace/open-hrm/vendor/compiled.php:8952
[21-May-2015 06:58:29 UTC] PHP  21. Illuminate\Foundation\Http\Kernel->Illuminate\Foundation\Http\{closure}() /home/ubuntu/workspace/open-hrm/vendor/compiled.php:8952
[21-May-2015 06:58:29 UTC] PHP  22. Illuminate\Routing\Router->dispatch() /home/ubuntu/workspace/open-hrm/vendor/compiled.php:1935
[21-May-2015 06:58:29 UTC] PHP  23. Illuminate\Routing\Router->dispatchToRoute() /home/ubuntu/workspace/open-hrm/vendor/compiled.php:6929
[21-May-2015 06:58:29 UTC] PHP  24. Illuminate\Routing\Router->runRouteWithinStack() /home/ubuntu/workspace/open-hrm/vendor/compiled.php:6944
[21-May-2015 06:58:29 UTC] PHP  25. Illuminate\Pipeline\Pipeline->then() /home/ubuntu/workspace/open-hrm/vendor/compiled.php:6955
[21-May-2015 06:58:29 UTC] PHP  26. call_user_func:{/home/ubuntu/workspace/open-hrm/vendor/compiled.php:8935}() /home/ubuntu/workspace/open-hrm/vendor/compiled.php:8935
[21-May-2015 06:58:29 UTC] PHP  27. Illuminate\Pipeline\Pipeline->Illuminate\Pipeline\{closure}() /home/ubuntu/workspace/open-hrm/vendor/compiled.php:8935
[21-May-2015 06:58:29 UTC] PHP  28. call_user_func:{/home/ubuntu/workspace/open-hrm/vendor/compiled.php:8952}() /home/ubuntu/workspace/open-hrm/vendor/compiled.php:8952
[21-May-2015 06:58:29 UTC] PHP  29. Illuminate\Routing\Router->Illuminate\Routing\{closure}() /home/ubuntu/workspace/open-hrm/vendor/compiled.php:8952
[21-May-2015 06:58:29 UTC] PHP  30. Illuminate\Routing\Router->prepareResponse() /home/ubuntu/workspace/open-hrm/vendor/compiled.php:6954
[21-May-2015 06:58:29 UTC] PHP  31. Symfony\Component\HttpFoundation\Response->__construct() /home/ubuntu/workspace/open-hrm/vendor/compiled.php:7154
[21-May-2015 06:58:29 UTC] PHP  32. Illuminate\Http\Response->setContent() /home/ubuntu/workspace/open-hrm/vendor/compiled.php:14126
[21-May-2015 06:58:29 UTC] PHP  33. Illuminate\View\View->render() /home/ubuntu/workspace/open-hrm/vendor/compiled.php:14597
[21-May-2015 06:58:29 UTC] PHP  34. Illuminate\View\View->renderContents() /home/ubuntu/workspace/open-hrm/vendor/compiled.php:13501
[21-May-2015 06:58:29 UTC] PHP  35. Illuminate\View\View->getContents() /home/ubuntu/workspace/open-hrm/vendor/compiled.php:13510
[21-May-2015 06:58:29 UTC] PHP  36. Illuminate\View\Engines\CompilerEngine->get() /home/ubuntu/workspace/open-hrm/vendor/compiled.php:13523
[21-May-2015 06:58:29 UTC] PHP  37. Illuminate\View\Engines\PhpEngine->evaluatePath() /home/ubuntu/workspace/open-hrm/vendor/compiled.php:13683
[21-May-2015 06:58:29 UTC] PHP  38. include() /home/ubuntu/workspace/open-hrm/vendor/compiled.php:13650
[21-May-2015 06:58:29 UTC] PHP  39. Illuminate\View\View->render() /home/ubuntu/workspace/open-hrm/storage/framework/views/5c5fcec2ff180092c98daa0146f08d19:19
[21-May-2015 06:58:29 UTC] PHP  40. Illuminate\View\View->renderContents() /home/ubuntu/workspace/open-hrm/vendor/compiled.php:13501
[21-May-2015 06:58:29 UTC] PHP  41. Illuminate\View\View->getContents() /home/ubuntu/workspace/open-hrm/vendor/compiled.php:13510
[21-May-2015 06:58:29 UTC] PHP  42. Illuminate\View\Engines\CompilerEngine->get() /home/ubuntu/workspace/open-hrm/vendor/compiled.php:13523
[21-May-2015 06:58:29 UTC] PHP  43. Illuminate\View\Engines\PhpEngine->evaluatePath() /home/ubuntu/workspace/open-hrm/vendor/compiled.php:13683
[21-May-2015 07:19:20 UTC] PHP Fatal error:  Call to undefined function isseet() in /home/ubuntu/workspace/open-hrm/storage/framework/views/0e5b3401c541e70f2363a8d215ef6739 on line 10
[21-May-2015 07:19:20 UTC] PHP Stack trace:
[21-May-2015 07:19:20 UTC] PHP   1. {main}() /home/ubuntu/workspace/open-hrm/index.php:0
[21-May-2015 07:19:20 UTC] PHP   2. Illuminate\Foundation\Http\Kernel->handle() /home/ubuntu/workspace/open-hrm/index.php:53
[21-May-2015 07:19:20 UTC] PHP   3. Illuminate\Foundation\Http\Kernel->sendRequestThroughRouter() /home/ubuntu/workspace/open-hrm/vendor/compiled.php:1880
[21-May-2015 07:19:20 UTC] PHP   4. Illuminate\Pipeline\Pipeline->then() /home/ubuntu/workspace/open-hrm/vendor/compiled.php:1891
[21-May-2015 07:19:20 UTC] PHP   5. call_user_func:{/home/ubuntu/workspace/open-hrm/vendor/compiled.php:8935}() /home/ubuntu/workspace/open-hrm/vendor/compiled.php:8935
[21-May-2015 07:19:20 UTC] PHP   6. Illuminate\Pipeline\Pipeline->Illuminate\Pipeline\{closure}() /home/ubuntu/workspace/open-hrm/vendor/compiled.php:8935
[21-May-2015 07:19:20 UTC] PHP   7. Illuminate\Foundation\Http\Middleware\CheckForMaintenanceMode->handle() /home/ubuntu/workspace/open-hrm/vendor/compiled.php:8944
[21-May-2015 07:19:20 UTC] PHP   8. Illuminate\Pipeline\Pipeline->Illuminate\Pipeline\{closure}() /home/ubuntu/workspace/open-hrm/vendor/compiled.php:2478
[21-May-2015 07:19:20 UTC] PHP   9. Illuminate\Cookie\Middleware\EncryptCookies->handle() /home/ubuntu/workspace/open-hrm/vendor/compiled.php:8944
[21-May-2015 07:19:20 UTC] PHP  10. Illuminate\Pipeline\Pipeline->Illuminate\Pipeline\{closure}() /home/ubuntu/workspace/open-hrm/vendor/compiled.php:11738
[21-May-2015 07:19:20 UTC] PHP  11. Illuminate\Cookie\Middleware\AddQueuedCookiesToResponse->handle() /home/ubuntu/workspace/open-hrm/vendor/compiled.php:8944
[21-May-2015 07:19:20 UTC] PHP  12. Illuminate\Pipeline\Pipeline->Illuminate\Pipeline\{closure}() /home/ubuntu/workspace/open-hrm/vendor/compiled.php:11789
[21-May-2015 07:19:20 UTC] PHP  13. Illuminate\Session\Middleware\StartSession->handle() /home/ubuntu/workspace/open-hrm/vendor/compiled.php:8944
[21-May-2015 07:19:20 UTC] PHP  14. Illuminate\Pipeline\Pipeline->Illuminate\Pipeline\{closure}() /home/ubuntu/workspace/open-hrm/vendor/compiled.php:10785
[21-May-2015 07:19:20 UTC] PHP  15. Illuminate\View\Middleware\ShareErrorsFromSession->handle() /home/ubuntu/workspace/open-hrm/vendor/compiled.php:8944
[21-May-2015 07:19:20 UTC] PHP  16. Illuminate\Pipeline\Pipeline->Illuminate\Pipeline\{closure}() /home/ubuntu/workspace/open-hrm/vendor/compiled.php:12083
[21-May-2015 07:19:20 UTC] PHP  17. App\Http\Middleware\VerifyCsrfToken->handle() /home/ubuntu/workspace/open-hrm/vendor/compiled.php:8944
[21-May-2015 07:19:20 UTC] PHP  18. Illuminate\Foundation\Http\Middleware\VerifyCsrfToken->handle() /home/ubuntu/workspace/open-hrm/app/Http/Middleware/VerifyCsrfToken.php:17
[21-May-2015 07:19:20 UTC] PHP  19. Illuminate\Pipeline\Pipeline->Illuminate\Pipeline\{closure}() /home/ubuntu/workspace/open-hrm/vendor/compiled.php:2438
[21-May-2015 07:19:20 UTC] PHP  20. call_user_func:{/home/ubuntu/workspace/open-hrm/vendor/compiled.php:8952}() /home/ubuntu/workspace/open-hrm/vendor/compiled.php:8952
[21-May-2015 07:19:20 UTC] PHP  21. Illuminate\Foundation\Http\Kernel->Illuminate\Foundation\Http\{closure}() /home/ubuntu/workspace/open-hrm/vendor/compiled.php:8952
[21-May-2015 07:19:20 UTC] PHP  22. Illuminate\Routing\Router->dispatch() /home/ubuntu/workspace/open-hrm/vendor/compiled.php:1935
[21-May-2015 07:19:20 UTC] PHP  23. Illuminate\Routing\Router->dispatchToRoute() /home/ubuntu/workspace/open-hrm/vendor/compiled.php:6929
[21-May-2015 07:19:20 UTC] PHP  24. Illuminate\Routing\Router->runRouteWithinStack() /home/ubuntu/workspace/open-hrm/vendor/compiled.php:6944
[21-May-2015 07:19:20 UTC] PHP  25. Illuminate\Pipeline\Pipeline->then() /home/ubuntu/workspace/open-hrm/vendor/compiled.php:6955
[21-May-2015 07:19:20 UTC] PHP  26. call_user_func:{/home/ubuntu/workspace/open-hrm/vendor/compiled.php:8935}() /home/ubuntu/workspace/open-hrm/vendor/compiled.php:8935
[21-May-2015 07:19:20 UTC] PHP  27. Illuminate\Pipeline\Pipeline->Illuminate\Pipeline\{closure}() /home/ubuntu/workspace/open-hrm/vendor/compiled.php:8935
[21-May-2015 07:19:20 UTC] PHP  28. call_user_func:{/home/ubuntu/workspace/open-hrm/vendor/compiled.php:8952}() /home/ubuntu/workspace/open-hrm/vendor/compiled.php:8952
[21-May-2015 07:19:20 UTC] PHP  29. Illuminate\Routing\Router->Illuminate\Routing\{closure}() /home/ubuntu/workspace/open-hrm/vendor/compiled.php:8952
[21-May-2015 07:19:20 UTC] PHP  30. Illuminate\Routing\Router->prepareResponse() /home/ubuntu/workspace/open-hrm/vendor/compiled.php:6954
[21-May-2015 07:19:20 UTC] PHP  31. Symfony\Component\HttpFoundation\Response->__construct() /home/ubuntu/workspace/open-hrm/vendor/compiled.php:7154
[21-May-2015 07:19:20 UTC] PHP  32. Illuminate\Http\Response->setContent() /home/ubuntu/workspace/open-hrm/vendor/compiled.php:14126
[21-May-2015 07:19:20 UTC] PHP  33. Illuminate\View\View->render() /home/ubuntu/workspace/open-hrm/vendor/compiled.php:14597
[21-May-2015 07:19:20 UTC] PHP  34. Illuminate\View\View->renderContents() /home/ubuntu/workspace/open-hrm/vendor/compiled.php:13501
[21-May-2015 07:19:20 UTC] PHP  35. Illuminate\View\View->getContents() /home/ubuntu/workspace/open-hrm/vendor/compiled.php:13510
[21-May-2015 07:19:20 UTC] PHP  36. Illuminate\View\Engines\CompilerEngine->get() /home/ubuntu/workspace/open-hrm/vendor/compiled.php:13523
[21-May-2015 07:19:20 UTC] PHP  37. Illuminate\View\Engines\PhpEngine->evaluatePath() /home/ubuntu/workspace/open-hrm/vendor/compiled.php:13683
[21-May-2015 07:19:20 UTC] PHP  38. include() /home/ubuntu/workspace/open-hrm/vendor/compiled.php:13650
[21-May-2015 07:19:20 UTC] PHP  39. Illuminate\View\View->render() /home/ubuntu/workspace/open-hrm/storage/framework/views/5c5fcec2ff180092c98daa0146f08d19:19
[21-May-2015 07:19:20 UTC] PHP  40. Illuminate\View\View->renderContents() /home/ubuntu/workspace/open-hrm/vendor/compiled.php:13501
[21-May-2015 07:19:20 UTC] PHP  41. Illuminate\View\View->getContents() /home/ubuntu/workspace/open-hrm/vendor/compiled.php:13510
[21-May-2015 07:19:20 UTC] PHP  42. Illuminate\View\Engines\CompilerEngine->get() /home/ubuntu/workspace/open-hrm/vendor/compiled.php:13523
[21-May-2015 07:19:20 UTC] PHP  43. Illuminate\View\Engines\PhpEngine->evaluatePath() /home/ubuntu/workspace/open-hrm/vendor/compiled.php:13683
[21-May-2015 07:19:20 UTC] PHP  44. include() /home/ubuntu/workspace/open-hrm/vendor/compiled.php:13650
